{
  "RSpec": {
    "coverage": {
      "/home/developer/test-task-implementation/book_store/app/controllers/admins_controller.rb": {
        "lines": [
          1,
          1,
          null,
          null,
          null,
          1,
          4,
          4,
          2,
          null,
          2,
          null,
          null,
          null,
          null,
          null,
          1,
          4,
          4,
          1,
          null,
          3,
          null,
          null,
          null,
          1,
          null,
          null,
          1,
          8,
          null,
          null
        ]
      },
      "/home/developer/test-task-implementation/book_store/app/controllers/application_controller.rb": {
        "lines": [
          1,
          null,
          1,
          null,
          null,
          1,
          null,
          null,
          1,
          0,
          null,
          null,
          1,
          null,
          null,
          1,
          null,
          10,
          null,
          null,
          10,
          null,
          null,
          10,
          10,
          null,
          null,
          null,
          1,
          1,
          1,
          null,
          null,
          null,
          1,
          10,
          10,
          10,
          null,
          null
        ]
      },
      "/home/developer/test-task-implementation/book_store/spec/controllers/books_controller_spec.rb": {
        "lines": [
          1,
          null,
          1,
          1,
          null,
          7,
          7,
          null,
          1,
          null,
          1,
          1,
          1,
          null,
          null,
          null,
          1,
          2,
          null,
          1,
          1,
          1,
          null,
          null,
          null,
          1,
          3,
          null,
          1,
          1,
          1,
          1,
          null,
          null,
          null,
          1,
          1,
          1,
          1,
          1,
          1,
          1,
          1,
          1,
          null,
          null,
          null,
          1,
          3,
          null,
          1,
          1,
          1,
          1,
          1,
          1,
          1,
          null,
          null,
          null,
          1,
          1,
          1,
          1,
          1,
          1,
          1,
          1,
          1,
          null,
          null,
          null,
          1,
          3,
          null,
          1,
          1,
          1,
          1,
          1,
          1,
          null,
          null,
          1,
          1,
          2,
          null,
          null,
          null,
          null
        ]
      },
      "/home/developer/test-task-implementation/book_store/app/controllers/books_controller.rb": {
        "lines": [
          1,
          1,
          1,
          null,
          null,
          null,
          1,
          1,
          1,
          null,
          1,
          null,
          1,
          null,
          0,
          null,
          null,
          null,
          null,
          null,
          1,
          null,
          null,
          null,
          null,
          null,
          null,
          null,
          null,
          1,
          1,
          null,
          null,
          null,
          null,
          1,
          2,
          2,
          2,
          null,
          0,
          null,
          null,
          null,
          null,
          null,
          1,
          2,
          1,
          null,
          1,
          null,
          null,
          null,
          null,
          null,
          1,
          2,
          2,
          null,
          null,
          1,
          null,
          null,
          null,
          1,
          5,
          null,
          null,
          null,
          1,
          4,
          null,
          null
        ]
      },
      "/home/developer/test-task-implementation/book_store/spec/controllers/sessions_controller_spec.rb": {
        "lines": [
          1,
          null,
          1,
          1,
          null,
          3,
          2,
          2,
          null,
          1,
          null,
          1,
          1,
          1,
          1,
          1,
          null,
          null,
          null,
          1,
          null,
          1,
          1,
          1,
          1,
          1,
          null,
          null,
          null,
          null
        ]
      },
      "/home/developer/test-task-implementation/book_store/app/controllers/sessions_controller.rb": {
        "lines": [
          1,
          null,
          1,
          null,
          null,
          1,
          2,
          null,
          2,
          null,
          1,
          null,
          1,
          1,
          null,
          1,
          null,
          null,
          null
        ]
      },
      "/home/developer/test-task-implementation/book_store/spec/models/admin_spec.rb": {
        "lines": [
          1,
          1,
          7,
          null,
          2,
          2,
          2,
          2,
          2,
          2,
          null
        ]
      },
      "/home/developer/test-task-implementation/book_store/app/models/admin.rb": {
        "lines": [
          1,
          1,
          null,
          1,
          1,
          1,
          null
        ]
      },
      "/home/developer/test-task-implementation/book_store/app/models/application_record.rb": {
        "lines": [
          1,
          1,
          null
        ]
      },
      "/home/developer/test-task-implementation/book_store/spec/models/book_spec.rb": {
        "lines": [
          1,
          1,
          9,
          null,
          2,
          2,
          2,
          2,
          2,
          2,
          2,
          2,
          null,
          null
        ]
      },
      "/home/developer/test-task-implementation/book_store/app/models/book.rb": {
        "lines": [
          1,
          1,
          1,
          1,
          1,
          1,
          null
        ]
      },
      "/home/developer/test-task-implementation/book_store/spec/routing/books_routing_spec.rb": {
        "lines": [
          1,
          1,
          1,
          1,
          null,
          null,
          1,
          1,
          null,
          null,
          1,
          1,
          null,
          null,
          1,
          1,
          null,
          null,
          1,
          1,
          null,
          null,
          null,
          1,
          1,
          1,
          null,
          null,
          1,
          1,
          null,
          null,
          1,
          1,
          null,
          null,
          1,
          1,
          null,
          null,
          null,
          1,
          null,
          1,
          1,
          null,
          null,
          null
        ]
      }
    },
    "timestamp": 1678105951
  }
}
